********************************************************************************
DUPLICATOR-LITE PACKAGE-LOG: 15 de February de 2021 20:17
NOTICE: Do NOT post to public sites or forums 
********************************************************************************
VERSION:	1.3.40.1
WORDPRESS:	5.6
PHP INFO:	8.0.0 | SAPI: apache2handler
SERVER:		Apache/2.4.46 (Win64) OpenSSL/1.1.1h PHP/8.0.0 
PHP TIME LIMIT: (0) no time limit imposed 
PHP MAX MEMORY: 4294967296 (512M default) 
MEMORY STACK: 2MB

********************************************************************************
DATABASE:
********************************************************************************
BUILD MODE:   MYSQLDUMP
MYSQLTIMEOUT: 5000
MYSQLDUMP:    Is Supported
SQL CREATED: 20210215_igrejabatistadasnacoes_c0467c7edfe626fb1012_20210215201656_database.sql
SQL FILE SIZE: 591.59KB (605789)
SQL FILE TIME: 2021-02-15 20:17:23
SQL RUNTIME: 2.59 sec.

********************************************************************************
ARCHIVE (ZIP):
********************************************************************************
ARCHIVE DIR:  G:/jobs/wp-themeboilerplate/sites/ibn
ARCHIVE FILE: 20210215_igrejabatistadasnacoes_c0467c7edfe626fb1012_20210215201656_archive.zip
FILTERS: *OFF*
DIRS:
	not set
FILES:
	not set
EXTS:  not set
----------------------------------------
COMPRESSING
SIZE:	128.99MB
STATS:	Dirs 376 | Files 2,884
SQL ADDED: 20210215_igrejabatistadasnacoes_c0467c7edfe626fb1012_20210215201656_database.sql
ZipArchive Object
(
    [lastId] => 3259
    [status] => 0
    [statusSys] => 0
    [numFiles] => 3260
    [filename] => G:\jobs\wp-themeboilerplate\sites\ibn\wp-content\backups-dup-lite\tmp\20210215_igrejabatistadasnacoes_c0467c7edfe626fb1012_20210215201656_archive.zip
    [comment] => 
)

FILE ADDED TO ZIP: 3259
COMPRESSION RESULT: '1'
COMPRESSED SIZE: 87.74MB
ARCHIVE RUNTIME: 42.28 sec.
MEMORY STACK: 4MB
building installer
add_extra_files1
add_extra_files2
add_extra_files3
add_extra_files4
Doing archive file check
add_extra_files5
add_extra_files6
add_extra_files8
Successfully opened zip G:/jobs/wp-themeboilerplate/sites/ibn/wp-content/backups-dup-lite/tmp/20210215_igrejabatistadasnacoes_c0467c7edfe626fb1012_20210215201656_archive.zip
Adding enhanced installer files to archive using ZipArchive
Installer files added to archive
Added to archive
After ziparchive close when adding installer

********************************************************************************
INTEGRITY CHECKS:
********************************************************************************
SQL FILE: 591.59KB
INSTALLER FILE: 61.3KB
ARCHIVE FILE: 89.23MB 
EXPECTED FILE/DIRECTORY COUNT: 3,260
ACTUAL FILE/DIRECTORY COUNT: 3,259
ARCHIVE CONSISTENCY TEST: Pass

********************************************************************************
RECORD ID:[1]
TOTAL PROCESS RUNTIME: 45.97 sec.
PEAK PHP MEMORY USED: 4MB
DONE PROCESSING => 20210215_igrejabatistadasnacoes 15 de February de 2021 20:18

