********************************************************************************
DUPLICATOR-LITE PACKAGE-LOG: 4 de March de 2021 11:36
NOTICE: Do NOT post to public sites or forums 
********************************************************************************
VERSION:	1.3.40.1
WORDPRESS:	5.6
PHP INFO:	8.0.0 | SAPI: apache2handler
SERVER:		Apache/2.4.46 (Win64) OpenSSL/1.1.1h PHP/8.0.0 
PHP TIME LIMIT: (0) no time limit imposed 
PHP MAX MEMORY: 4294967296 (512M default) 
MEMORY STACK: 8MB

********************************************************************************
DATABASE:
********************************************************************************
BUILD MODE:   MYSQLDUMP
MYSQLTIMEOUT: 5000
MYSQLDUMP:    Is Supported
SQL CREATED: 20210216_espacodacriancapastoravanda_abe2b22c6eaab49a8011_20210304113618_database.sql
SQL FILE SIZE: 2.09MB (2188795)
SQL FILE TIME: 2021-03-04 11:36:38
SQL RUNTIME: 3.65 sec.

********************************************************************************
ARCHIVE (ZIP):
********************************************************************************
ARCHIVE DIR:  G:/jobs/wp-themeboilerplate/sites/edc
ARCHIVE FILE: 20210216_espacodacriancapastoravanda_abe2b22c6eaab49a8011_20210304113618_archive.zip
FILTERS: *OFF*
DIRS:
	not set
FILES:
	not set
EXTS:  not set
----------------------------------------
COMPRESSING
SIZE:	111.83MB
STATS:	Dirs 1,279 | Files 8,360
SQL ADDED: 20210216_espacodacriancapastoravanda_abe2b22c6eaab49a8011_20210304113618_database.sql
ZipArchive Object
(
    [lastId] => 9638
    [status] => 0
    [statusSys] => 0
    [numFiles] => 9639
    [filename] => G:\jobs\wp-themeboilerplate\sites\edc\wp-content\backups-dup-lite\tmp\20210216_espacodacriancapastoravanda_abe2b22c6eaab49a8011_20210304113618_archive.zip
    [comment] => 
)

FILE ADDED TO ZIP: 9638
COMPRESSION RESULT: '1'
COMPRESSED SIZE: 44.82MB
ARCHIVE RUNTIME: 88.99 sec.
MEMORY STACK: 12MB
building installer
add_extra_files1
add_extra_files2
add_extra_files3
add_extra_files4
Doing archive file check
add_extra_files5
add_extra_files6
add_extra_files8
Successfully opened zip G:/jobs/wp-themeboilerplate/sites/edc/wp-content/backups-dup-lite/tmp/20210216_espacodacriancapastoravanda_abe2b22c6eaab49a8011_20210304113618_archive.zip
Adding enhanced installer files to archive using ZipArchive
Installer files added to archive
Added to archive
After ziparchive close when adding installer

********************************************************************************
INTEGRITY CHECKS:
********************************************************************************
SQL FILE: 2.09MB
INSTALLER FILE: 61.31KB
ARCHIVE FILE: 46.34MB 
EXPECTED FILE/DIRECTORY COUNT: 9,639
ACTUAL FILE/DIRECTORY COUNT: 9,638
ARCHIVE CONSISTENCY TEST: Pass

********************************************************************************
RECORD ID:[3]
TOTAL PROCESS RUNTIME: 94.13 sec.
PEAK PHP MEMORY USED: 14MB
DONE PROCESSING => 20210216_espacodacriancapastoravanda 4 de March de 2021 11:38

