********************************************************************************
DUPLICATOR-LITE PACKAGE-LOG: 16 de February de 2021 18:35
NOTICE: Do NOT post to public sites or forums 
********************************************************************************
VERSION:	1.3.40.1
WORDPRESS:	5.6
PHP INFO:	8.0.0 | SAPI: apache2handler
SERVER:		Apache/2.4.46 (Win64) OpenSSL/1.1.1h PHP/8.0.0 
PHP TIME LIMIT: (0) no time limit imposed 
PHP MAX MEMORY: 4294967296 (512M default) 
MEMORY STACK: 12MB

********************************************************************************
DATABASE:
********************************************************************************
BUILD MODE:   MYSQLDUMP
MYSQLTIMEOUT: 5000
MYSQLDUMP:    Is Supported
SQL CREATED: 20210216_espacodacriancapastoravanda_97754ce416ef1e822236_20210216183517_database.sql
SQL FILE SIZE: 1.55MB (1628352)
SQL FILE TIME: 2021-02-16 18:35:26
SQL RUNTIME: 2.74 sec.

********************************************************************************
ARCHIVE (ZIP):
********************************************************************************
ARCHIVE DIR:  G:/jobs/wp-themeboilerplate/sites/edc
ARCHIVE FILE: 20210216_espacodacriancapastoravanda_97754ce416ef1e822236_20210216183517_archive.zip
FILTERS: *OFF*
DIRS:
	not set
FILES:
	not set
EXTS:  not set
----------------------------------------
COMPRESSING
SIZE:	73.8MB
STATS:	Dirs 401 | Files 3,052
SQL ADDED: 20210216_espacodacriancapastoravanda_97754ce416ef1e822236_20210216183517_database.sql
ZipArchive Object
(
    [lastId] => 3452
    [status] => 0
    [statusSys] => 0
    [numFiles] => 3453
    [filename] => G:\jobs\wp-themeboilerplate\sites\edc\wp-content\backups-dup-lite\tmp\20210216_espacodacriancapastoravanda_97754ce416ef1e822236_20210216183517_archive.zip
    [comment] => 
)

FILE ADDED TO ZIP: 3452
COMPRESSION RESULT: '1'
COMPRESSED SIZE: 31.49MB
ARCHIVE RUNTIME: 38.64 sec.
MEMORY STACK: 12MB
building installer
add_extra_files1
add_extra_files2
add_extra_files3
add_extra_files4
Doing archive file check
add_extra_files5
add_extra_files6
add_extra_files8
Successfully opened zip G:/jobs/wp-themeboilerplate/sites/edc/wp-content/backups-dup-lite/tmp/20210216_espacodacriancapastoravanda_97754ce416ef1e822236_20210216183517_archive.zip
Adding enhanced installer files to archive using ZipArchive
Installer files added to archive
Added to archive
After ziparchive close when adding installer

********************************************************************************
INTEGRITY CHECKS:
********************************************************************************
SQL FILE: 1.55MB
INSTALLER FILE: 61.31KB
ARCHIVE FILE: 32.98MB 
EXPECTED FILE/DIRECTORY COUNT: 3,453
ACTUAL FILE/DIRECTORY COUNT: 3,452
ARCHIVE CONSISTENCY TEST: Pass

********************************************************************************
RECORD ID:[1]
TOTAL PROCESS RUNTIME: 42.32 sec.
PEAK PHP MEMORY USED: 14MB
DONE PROCESSING => 20210216_espacodacriancapastoravanda 16 de February de 2021 18:36

